<?xml version="1.0" encoding="UTF-8"?>
<!-- Generated by org.testng.reporters.JUnitReportReporter -->
<testsuite hostname="DESKTOP-16K4T19" failures="0" tests="1" name="TestcaseProject1.verify" time="27.604" errors="0" timestamp="2023-02-19T03:04:33 IST" skipped="0">
  <testcase classname="TestcaseProject1.verify" name="verifyMMT" time="27.604"/>
  <system-out/>
</testsuite> <!-- TestcaseProject1.verify -->
